
****** PlanAhead v14.5
  **** Build 247527 by xbuild on Mon Mar 25 17:15:20 MDT 2013
    ** Copyright 1986-1999, 2001-2012 Xilinx, Inc. All Rights Reserved.

INFO: [Common 17-78] Attempting to get a license: PlanAhead
INFO: [Common 17-290] Got license for PlanAhead
INFO: [Device 21-36] Loading parts and site information from C:/Xilinx/14.5/ISE_DS/PlanAhead/data/parts/arch.xml
Parsing RTL primitives file [C:/Xilinx/14.5/ISE_DS/PlanAhead/data/parts/xilinx/rtl/prims/rtl_prims.xml]
Finished parsing RTL primitives file [C:/Xilinx/14.5/ISE_DS/PlanAhead/data/parts/xilinx/rtl/prims/rtl_prims.xml]
start_gui
source D:/LAB_A4/FlipFlop_160_163/D_FF_160_163/pa.fromNetlist.tcl
# create_project -name D_FF_160_163 -dir "D:/LAB_A4/FlipFlop_160_163/D_FF_160_163/planAhead_run_3" -part xc7a100tcsg324-3
# set_property design_mode GateLvl [get_property srcset [current_run -impl]]
# set_property edif_top_file "D:/LAB_A4/FlipFlop_160_163/D_FF_160_163/d_ff_160_163.ngc" [ get_property srcset [ current_run ] ]
# add_files -norecurse { {D:/LAB_A4/FlipFlop_160_163/D_FF_160_163} }
# set_property target_constrs_file "d_ff_160_163.ucf" [current_fileset -constrset]
Adding file 'D:/LAB_A4/FlipFlop_160_163/D_FF_160_163/d_ff_160_163.ucf' to fileset 'constrs_1'
# add_files [list {d_ff_160_163.ucf}] -fileset [get_property constrset [current_run]]
# link_design
Design is defaulting to srcset: sources_1
Design is defaulting to constrset: constrs_1
Design is defaulting to project part: xc7a100tcsg324-3
Release 14.5 - ngc2edif P.58f (nt)
Copyright (c) 1995-2012 Xilinx, Inc.  All rights reserved.

Release 14.5 - ngc2edif P.58f (nt)
Copyright (c) 1995-2012 Xilinx, Inc.  All rights reserved.
Reading design d_ff_160_163.ngc ...
WARNING:NetListWriters:298 - No output is written to d_ff_160_163.xncf, ignored.
Processing design ...
   Preping design's networks ...
   Preping design's macros ...
  finished :Prep
Writing EDIF netlist file d_ff_160_163.edif ...
ngc2edif: Total memory usage is 61264 kilobytes

Parsing EDIF File [./planAhead_run_3/D_FF_160_163.data/cache/d_ff_160_163_ngc_zx.edif]
Finished Parsing EDIF File [./planAhead_run_3/D_FF_160_163.data/cache/d_ff_160_163_ngc_zx.edif]
INFO: [Netlist 29-17] Analyzing 2 Unisim elements for replacement
INFO: [Netlist 29-28] Unisim Transformation completed in 0 CPU seconds
Loading clock regions from C:/Xilinx/14.5/ISE_DS/PlanAhead/data\parts/xilinx/artix7/artix7/xc7a100t/ClockRegion.xml
Loading clock buffers from C:/Xilinx/14.5/ISE_DS/PlanAhead/data\parts/xilinx/artix7/artix7/xc7a100t/ClockBuffers.xml
Loading clock placement rules from C:/Xilinx/14.5/ISE_DS/PlanAhead/data/parts/xilinx/artix7/ClockPlacerRules.xml
Loading package pin functions from C:/Xilinx/14.5/ISE_DS/PlanAhead/data\parts/xilinx/artix7/PinFunctions.xml...
Loading package from C:/Xilinx/14.5/ISE_DS/PlanAhead/data\parts/xilinx/artix7/artix7/xc7a100t/csg324/Package.xml
Loading io standards from C:/Xilinx/14.5/ISE_DS/PlanAhead/data\./parts/xilinx/artix7/IOStandards.xml
Loading device configuration modes from C:/Xilinx/14.5/ISE_DS/PlanAhead/data\parts/xilinx/artix7/ConfigModes.xml
Loading list of drcs for the architecture : C:/Xilinx/14.5/ISE_DS/PlanAhead/data\./parts/xilinx/artix7/drc.xml
Parsing UCF File [D:/LAB_A4/FlipFlop_160_163/D_FF_160_163/d_ff_160_163.ucf]
Finished Parsing UCF File [D:/LAB_A4/FlipFlop_160_163/D_FF_160_163/d_ff_160_163.ucf]
INFO: [Project 1-111] Unisim Transformation Summary:
  A total of 2 instances were transformed.
  BUFGP => BUFGP (IBUF, BUFG): 1 instances
  FDC => FDCE: 1 instances

Phase 0 | Netlist Checksum: 24d6e3af
link_design: Time (s): elapsed = 00:00:12 . Memory (MB): peak = 654.059 ; gain = 259.508
startgroup
set_property package_pin U9 [get_ports CLK]
endgroup
startgroup
set_property package_pin P4 [get_ports D]
endgroup
startgroup
set_property package_pin P2 [get_ports Q_160_163]
endgroup
startgroup
set_property package_pin U8 [get_ports RST]
endgroup
set_property iostandard LVCMOS33 [get_ports [list CLK]]
set_property iostandard LVCMOS33 [get_ports [list D]]
set_property iostandard LVCMOS33 [get_ports [list Q_160_163]]
set_property iostandard LVCMOS33 [get_ports [list RST]]
save_constraints
