Running: C:\Xilinx\14.5\ISE_DS\ISE\bin\nt\unwrapped\fuse.exe -intstyle ise -incremental -lib unisims_ver -lib unimacro_ver -lib xilinxcorelib_ver -lib secureip -o D:/LAB_A4/FlipFlop_160_163/D_FF_160_163/tb_d_FF_160_160_isim_beh.exe -prj D:/LAB_A4/FlipFlop_160_163/D_FF_160_163/tb_d_FF_160_160_beh.prj work.tb_d_FF_160_160 work.glbl 
ISim P.58f (signature 0x8ef4fb42)
Number of CPUs detected in this system: 8
Turning on mult-threading, number of parallel sub-compilation jobs: 16 
Determining compilation order of HDL files
Analyzing Verilog file "D:/LAB_A4/FlipFlop_160_163/D_FF_160_163/d_ff_160_163.v" into library work
Analyzing Verilog file "D:/LAB_A4/FlipFlop_160_163/D_FF_160_163/tb_d_FF_160_160.v" into library work
Analyzing Verilog file "C:/Xilinx/14.5/ISE_DS/ISE//verilog/src/glbl.v" into library work
Starting static elaboration
Completed static elaboration
Fuse Memory Usage: 106172 KB
Fuse CPU Usage: 155 ms
Compiling module d_ff_160_163
Compiling module tb_d_FF_160_160
Compiling module glbl
Time Resolution for simulation is 1ps.
Waiting for 1 sub-compilation(s) to finish...
Compiled 3 Verilog Units
Built simulation executable D:/LAB_A4/FlipFlop_160_163/D_FF_160_163/tb_d_FF_160_160_isim_beh.exe
Fuse Memory Usage: 110764 KB
Fuse CPU Usage: 155 ms
