#-----------------------------------------------------------
# Vivado v2018.3 (64-bit)
# SW Build 2405991 on Thu Dec  6 23:38:27 MST 2018
# IP Build 2404404 on Fri Dec  7 01:43:56 MST 2018
# Start of session at: Sat Nov 12 11:11:26 2022
# Process ID: 3420
# Current directory: D:/HDL_PRAC/Lab/JK-FF-160_163
# Command line: vivado.exe -gui_launcher_event rodinguilauncherevent19712 D:\HDL_PRAC\Lab\JK-FF-160_163\JK-FF-160_163.xpr
# Log file: D:/HDL_PRAC/Lab/JK-FF-160_163/vivado.log
# Journal file: D:/HDL_PRAC/Lab/JK-FF-160_163\vivado.jou
#-----------------------------------------------------------
start_gui
open_project D:/HDL_PRAC/Lab/JK-FF-160_163/JK-FF-160_163.xpr
INFO: [Project 1-313] Project file moved from 'D:/Projects/HDL/JK-FF-160_163' since last save.
Scanning sources...
Finished scanning sources
INFO: [IP_Flow 19-234] Refreshing IP repositories
INFO: [IP_Flow 19-1704] No user IP repositories specified
INFO: [IP_Flow 19-2313] Loaded Vivado IP repository 'D:/Softwares/College/HDL/Vivado/2018.3/data/ip'.
update_compile_order -fileset sources_1
exit
INFO: [Common 17-206] Exiting Vivado at Sat Nov 12 11:25:52 2022...
