Release 14.5 - xst P.58f (nt)
Copyright (c) 1995-2012 Xilinx, Inc.  All rights reserved.
--> Parameter TMPDIR set to xst/projnav.tmp


Total REAL time to Xst completion: 0.00 secs
Total CPU time to Xst completion: 0.06 secs
 
--> Parameter xsthdpdir set to xst


Total REAL time to Xst completion: 0.00 secs
Total CPU time to Xst completion: 0.07 secs
 
--> Reading design: ram_160_163.prj

TABLE OF CONTENTS
  1) Synthesis Options Summary
  2) HDL Parsing
  3) HDL Elaboration
  4) HDL Synthesis
       4.1) HDL Synthesis Report
  5) Advanced HDL Synthesis
       5.1) Advanced HDL Synthesis Report
  6) Low Level Synthesis
  7) Partition Report
  8) Design Summary
       8.1) Primitive and Black Box Usage
       8.2) Device utilization summary
       8.3) Partition Resource Summary
       8.4) Timing Report
            8.4.1) Clock Information
            8.4.2) Asynchronous Control Signals Information
            8.4.3) Timing Summary
            8.4.4) Timing Details
            8.4.5) Cross Clock Domains Report


=========================================================================
*                      Synthesis Options Summary                        *
=========================================================================
---- Source Parameters
Input File Name                    : "ram_160_163.prj"
Ignore Synthesis Constraint File   : NO

---- Target Parameters
Output File Name                   : "ram_160_163"
Output Format                      : NGC
Target Device                      : xc7a100t-3-csg324

---- Source Options
Top Module Name                    : ram_160_163
Automatic FSM Extraction           : YES
FSM Encoding Algorithm             : Auto
Safe Implementation                : No
FSM Style                          : LUT
RAM Extraction                     : Yes
RAM Style                          : Auto
ROM Extraction                     : Yes
Shift Register Extraction          : YES
ROM Style                          : Auto
Resource Sharing                   : YES
Asynchronous To Synchronous        : NO
Shift Register Minimum Size        : 2
Use DSP Block                      : Auto
Automatic Register Balancing       : No

---- Target Options
LUT Combining                      : Auto
Reduce Control Sets                : Auto
Add IO Buffers                     : YES
Global Maximum Fanout              : 100000
Add Generic Clock Buffer(BUFG)     : 32
Register Duplication               : YES
Optimize Instantiated Primitives   : NO
Use Clock Enable                   : Auto
Use Synchronous Set                : Auto
Use Synchronous Reset              : Auto
Pack IO Registers into IOBs        : Auto
Equivalent register Removal        : YES

---- General Options
Optimization Goal                  : Speed
Optimization Effort                : 1
Power Reduction                    : NO
Keep Hierarchy                     : No
Netlist Hierarchy                  : As_Optimized
RTL Output                         : Yes
Global Optimization                : AllClockNets
Read Cores                         : YES
Write Timing Constraints           : NO
Cross Clock Analysis               : NO
Hierarchy Separator                : /
Bus Delimiter                      : <>
Case Specifier                     : Maintain
Slice Utilization Ratio            : 100
BRAM Utilization Ratio             : 100
DSP48 Utilization Ratio            : 100
Auto BRAM Packing                  : NO
Slice Utilization Ratio Delta      : 5

=========================================================================


=========================================================================
*                          HDL Parsing                                  *
=========================================================================
Analyzing Verilog file "D:\LAB_A4\RAM_160_163\ram_160_163.v" into library work
Parsing module <ram_160_163>.

=========================================================================
*                            HDL Elaboration                            *
=========================================================================

Elaborating module <ram_160_163>.

=========================================================================
*                           HDL Synthesis                               *
=========================================================================

Synthesizing Unit <ram_160_163>.
    Related source file is "D:\LAB_A4\RAM_160_163\ram_160_163.v".
WARNING:Xst:647 - Input <addr<2:2>> is never used. This port will be preserved and left unconnected if it belongs to a top-level block or it belongs to a sub-block and the hierarchy of this sub-block is preserved.
    Found 3-bit register for signal <ram_ff_0>.
    Found 3-bit register for signal <ram_ff_1>.
    Found 3-bit register for signal <ram_ff_2>.
    Found 3-bit register for signal <ram_ff_3>.
    Found 3-bit 4-to-1 multiplexer for signal <addr[1]_read_port_2_OUT> created at line 0.
    Found 1-bit tristate buffer for signal <dataout_160_163<2>> created at line 38
    Found 1-bit tristate buffer for signal <dataout_160_163<1>> created at line 38
    Found 1-bit tristate buffer for signal <dataout_160_163<0>> created at line 38
    Summary:
	inferred  12 D-type flip-flop(s).
	inferred   1 Multiplexer(s).
	inferred   3 Tristate(s).
Unit <ram_160_163> synthesized.

=========================================================================
HDL Synthesis Report

Macro Statistics
# Registers                                            : 4
 3-bit register                                        : 4
# Multiplexers                                         : 1
 3-bit 4-to-1 multiplexer                              : 1
# Tristates                                            : 3
 1-bit tristate buffer                                 : 3

=========================================================================

=========================================================================
*                       Advanced HDL Synthesis                          *
=========================================================================


=========================================================================
Advanced HDL Synthesis Report

Macro Statistics
# Registers                                            : 12
 Flip-Flops                                            : 12
# Multiplexers                                         : 1
 3-bit 4-to-1 multiplexer                              : 1

=========================================================================

=========================================================================
*                         Low Level Synthesis                           *
=========================================================================

Optimizing unit <ram_160_163> ...

Mapping all equations...
Building and optimizing final netlist ...
Found area constraint ratio of 100 (+ 5) on block ram_160_163, actual ratio is 0.

Final Macro Processing ...

=========================================================================
Final Register Report

Macro Statistics
# Registers                                            : 12
 Flip-Flops                                            : 12

=========================================================================

=========================================================================
*                           Partition Report                            *
=========================================================================

Partition Implementation Status
-------------------------------

  No Partitions were found in this design.

-------------------------------

=========================================================================
*                            Design Summary                             *
=========================================================================

Top Level Output File Name         : ram_160_163.ngc

Primitive and Black Box Usage:
------------------------------
# BELS                             : 8
#      INV                         : 1
#      LUT3                        : 4
#      LUT6                        : 3
# FlipFlops/Latches                : 12
#      FDE                         : 12
# Clock Buffers                    : 1
#      BUFGP                       : 1
# IO Buffers                       : 10
#      IBUF                        : 7
#      OBUFT                       : 3

Device utilization summary:
---------------------------

Selected Device : 7a100tcsg324-3 


Slice Logic Utilization: 
 Number of Slice Registers:              12  out of  126800     0%  
 Number of Slice LUTs:                    8  out of  63400     0%  
    Number used as Logic:                 8  out of  63400     0%  

Slice Logic Distribution: 
 Number of LUT Flip Flop pairs used:     15
   Number with an unused Flip Flop:       3  out of     15    20%  
   Number with an unused LUT:             7  out of     15    46%  
   Number of fully used LUT-FF pairs:     5  out of     15    33%  
   Number of unique control sets:         4

IO Utilization: 
 Number of IOs:                          12
 Number of bonded IOBs:                  11  out of    210     5%  

Specific Feature Utilization:
 Number of BUFG/BUFGCTRL/BUFHCEs:         1  out of    128     0%  

---------------------------
Partition Resource Summary:
---------------------------

  No Partitions were found in this design.

---------------------------


=========================================================================
Timing Report

NOTE: THESE TIMING NUMBERS ARE ONLY A SYNTHESIS ESTIMATE.
      FOR ACCURATE TIMING INFORMATION PLEASE REFER TO THE TRACE REPORT
      GENERATED AFTER PLACE-and-ROUTE.

Clock Information:
------------------
-----------------------------------+------------------------+-------+
Clock Signal                       | Clock buffer(FF name)  | Load  |
-----------------------------------+------------------------+-------+
clk                                | BUFGP                  | 12    |
-----------------------------------+------------------------+-------+

Asynchronous Control Signals Information:
----------------------------------------
No asynchronous control signals found in this design

Timing Summary:
---------------
Speed Grade: -3

   Minimum period: No path found
   Minimum input arrival time before clock: 1.021ns
   Maximum output required time after clock: 1.294ns
   Maximum combinational path delay: 1.099ns

Timing Details:
---------------
All values displayed in nanoseconds (ns)

=========================================================================
Timing constraint: Default OFFSET IN BEFORE for Clock 'clk'
  Total number of paths / destination ports: 48 / 24
-------------------------------------------------------------------------
Offset:              1.021ns (Levels of Logic = 2)
  Source:            addr<1> (PAD)
  Destination:       _o20_0 (FF)
  Destination Clock: clk rising

  Data Path: addr<1> to _o20_0
                                Gate     Net
    Cell:in->out      fanout   Delay   Delay  Logical Name (Net Name)
    ----------------------------------------  ------------
     IBUF:I->O             7   0.001   0.539  addr_1_IBUF (addr_1_IBUF)
     LUT3:I0->O            3   0.097   0.289  _n00131 (_n0013)
     FDE:CE                    0.095          _o20_0
    ----------------------------------------
    Total                      1.021ns (0.193ns logic, 0.828ns route)
                                       (18.9% logic, 81.1% route)

=========================================================================
Timing constraint: Default OFFSET OUT AFTER for Clock 'clk'
  Total number of paths / destination ports: 12 / 3
-------------------------------------------------------------------------
Offset:              1.294ns (Levels of Logic = 2)
  Source:            _o18_2 (FF)
  Destination:       dataout_160_163<2> (PAD)
  Source Clock:      clk rising

  Data Path: _o18_2 to dataout_160_163<2>
                                Gate     Net
    Cell:in->out      fanout   Delay   Delay  Logical Name (Net Name)
    ----------------------------------------  ------------
     FDE:C->Q              1   0.361   0.556  _o18_2 (_o18_2)
     LUT6:I2->O            1   0.097   0.279  Mmux_addr[1]_read_port_2_OUT31 (dataout_160_163_2_OBUFT)
     OBUFT:I->O                0.000          dataout_160_163_2_OBUFT (dataout_160_163<2>)
    ----------------------------------------
    Total                      1.294ns (0.458ns logic, 0.836ns route)
                                       (35.4% logic, 64.6% route)

=========================================================================
Timing constraint: Default path analysis
  Total number of paths / destination ports: 9 / 3
-------------------------------------------------------------------------
Delay:               1.099ns (Levels of Logic = 3)
  Source:            addr<0> (PAD)
  Destination:       dataout_160_163<2> (PAD)

  Data Path: addr<0> to dataout_160_163<2>
                                Gate     Net
    Cell:in->out      fanout   Delay   Delay  Logical Name (Net Name)
    ----------------------------------------  ------------
     IBUF:I->O             7   0.001   0.721  addr_0_IBUF (addr_0_IBUF)
     LUT6:I0->O            1   0.097   0.279  Mmux_addr[1]_read_port_2_OUT11 (dataout_160_163_0_OBUFT)
     OBUFT:I->O                0.000          dataout_160_163_0_OBUFT (dataout_160_163<0>)
    ----------------------------------------
    Total                      1.099ns (0.098ns logic, 1.001ns route)
                                       (8.9% logic, 91.1% route)

=========================================================================

Cross Clock Domains Report:
--------------------------

=========================================================================


Total REAL time to Xst completion: 5.00 secs
Total CPU time to Xst completion: 5.12 secs
 
--> 

Total memory usage is 236828 kilobytes

Number of errors   :    0 (   0 filtered)
Number of warnings :    1 (   0 filtered)
Number of infos    :    0 (   0 filtered)

